0 info it worked if it ends with ok
1 verbose cli [ 'node', '/usr/local/bin/npm', 'install', 'gulp', '-g' ]
2 info using npm@1.4.28
3 info using node@v0.10.32
4 verbose cache add [ 'gulp', null ]
5 verbose cache add name=undefined spec="gulp" args=["gulp",null]
6 verbose parsed url { protocol: null,
6 verbose parsed url   slashes: null,
6 verbose parsed url   auth: null,
6 verbose parsed url   host: null,
6 verbose parsed url   port: null,
6 verbose parsed url   hostname: null,
6 verbose parsed url   hash: null,
6 verbose parsed url   search: null,
6 verbose parsed url   query: null,
6 verbose parsed url   pathname: 'gulp',
6 verbose parsed url   path: 'gulp',
6 verbose parsed url   href: 'gulp' }
7 silly lockFile 9750c68d-gulp gulp
8 verbose lock gulp /Users/taeke/.npm/9750c68d-gulp.lock
9 silly lockFile 9750c68d-gulp gulp
10 silly lockFile 9750c68d-gulp gulp
11 verbose addNamed [ 'gulp', '' ]
12 verbose addNamed [ null, '*' ]
13 silly lockFile 72f4391e-gulp gulp@
14 verbose lock gulp@ /Users/taeke/.npm/72f4391e-gulp.lock
15 silly addNameRange { name: 'gulp', range: '*', hasData: false }
16 verbose request where is /gulp
17 verbose request registry https://registry.npmjs.org/
18 verbose request id 1a2c3756cc5229fa
19 verbose url raw /gulp
20 verbose url resolving [ 'https://registry.npmjs.org/', './gulp' ]
21 verbose url resolved https://registry.npmjs.org/gulp
22 verbose request where is https://registry.npmjs.org/gulp
23 info trying registry request attempt 1 at 14:26:16
24 verbose etag "DW6S1AANWIQRE1BSEXREE968L"
25 http GET https://registry.npmjs.org/gulp
26 http 304 https://registry.npmjs.org/gulp
27 silly registry.get cb [ 304,
27 silly registry.get   { date: 'Mon, 27 Oct 2014 13:26:17 GMT',
27 silly registry.get     server: 'Apache',
27 silly registry.get     via: '1.1 varnish',
27 silly registry.get     'last-modified': 'Mon, 27 Oct 2014 13:26:17 GMT',
27 silly registry.get     'cache-control': 'max-age=60',
27 silly registry.get     etag: '"DW6S1AANWIQRE1BSEXREE968L"',
27 silly registry.get     age: '41',
27 silly registry.get     'x-served-by': 'cache-fra1222-FRA',
27 silly registry.get     'x-cache': 'HIT',
27 silly registry.get     'x-cache-hits': '1',
27 silly registry.get     'x-timer': 'S1414416377.064442,VS0,VE0',
27 silly registry.get     vary: 'Accept',
27 silly registry.get     'content-length': '0',
27 silly registry.get     'keep-alive': 'timeout=10, max=50',
27 silly registry.get     connection: 'Keep-Alive' } ]
28 verbose etag https://registry.npmjs.org/gulp from cache
29 silly addNameRange number 2 { name: 'gulp', range: '*', hasData: true }
30 silly addNameRange versions [ 'gulp',
30 silly addNameRange   [ '0.0.1',
30 silly addNameRange     '0.0.2',
30 silly addNameRange     '0.0.3',
30 silly addNameRange     '0.0.4',
30 silly addNameRange     '0.0.5',
30 silly addNameRange     '0.0.7',
30 silly addNameRange     '0.0.8',
30 silly addNameRange     '0.0.9',
30 silly addNameRange     '0.1.0',
30 silly addNameRange     '0.2.0',
30 silly addNameRange     '1.0.0',
30 silly addNameRange     '1.1.0',
30 silly addNameRange     '1.2.0',
30 silly addNameRange     '1.2.1',
30 silly addNameRange     '2.0.0',
30 silly addNameRange     '2.0.1',
30 silly addNameRange     '2.1.0',
30 silly addNameRange     '2.2.0',
30 silly addNameRange     '2.3.0',
30 silly addNameRange     '2.4.0',
30 silly addNameRange     '2.4.1',
30 silly addNameRange     '2.6.0',
30 silly addNameRange     '2.6.1',
30 silly addNameRange     '2.7.0',
30 silly addNameRange     '3.0.0',
30 silly addNameRange     '3.1.1',
30 silly addNameRange     '3.1.2',
30 silly addNameRange     '3.1.3',
30 silly addNameRange     '3.1.4',
30 silly addNameRange     '3.2.0',
30 silly addNameRange     '3.2.1',
30 silly addNameRange     '3.2.2',
30 silly addNameRange     '3.2.3',
30 silly addNameRange     '3.2.4',
30 silly addNameRange     '3.2.5',
30 silly addNameRange     '3.3.0',
30 silly addNameRange     '3.3.1',
30 silly addNameRange     '3.3.2',
30 silly addNameRange     '3.3.4',
30 silly addNameRange     '3.4.0',
30 silly addNameRange     '3.5.0',
30 silly addNameRange     '3.5.1',
30 silly addNameRange     '3.5.2',
30 silly addNameRange     '3.5.5',
30 silly addNameRange     '3.5.6',
30 silly addNameRange     '3.6.0',
30 silly addNameRange     '3.6.1',
30 silly addNameRange     '3.6.2',
30 silly addNameRange     '3.7.0',
30 silly addNameRange     '3.8.0',
30 silly addNameRange     '3.8.1',
30 silly addNameRange     '3.8.2',
30 silly addNameRange     '3.8.3',
30 silly addNameRange     '3.8.4',
30 silly addNameRange     '3.8.5',
30 silly addNameRange     '3.8.6',
30 silly addNameRange     '3.8.7',
30 silly addNameRange     '3.8.8',
30 silly addNameRange     '3.8.9' ] ]
31 verbose addNamed [ 'gulp', '3.8.9' ]
32 verbose addNamed [ '3.8.9', '3.8.9' ]
33 silly lockFile 8cc6e613-gulp-3-8-9 gulp@3.8.9
34 verbose lock gulp@3.8.9 /Users/taeke/.npm/8cc6e613-gulp-3-8-9.lock
35 silly lockFile 566182be-ry-npmjs-org-gulp-gulp-3-8-9-tgz https://registry.npmjs.org/gulp/-/gulp-3.8.9.tgz
36 verbose lock https://registry.npmjs.org/gulp/-/gulp-3.8.9.tgz /Users/taeke/.npm/566182be-ry-npmjs-org-gulp-gulp-3-8-9-tgz.lock
37 verbose addRemoteTarball [ 'https://registry.npmjs.org/gulp/-/gulp-3.8.9.tgz',
37 verbose addRemoteTarball   '90773dc79cb0b3087e5443c695b0f5a21548ccce' ]
38 info retry fetch attempt 1 at 14:26:16
39 verbose fetch to= /var/folders/bg/p5sjm3bj7mg06737lbkkdf0c0000gn/T/npm-942-DIScpj5K/registry.npmjs.org/gulp/-/gulp-3.8.9.tgz
40 http GET https://registry.npmjs.org/gulp/-/gulp-3.8.9.tgz
41 http 200 https://registry.npmjs.org/gulp/-/gulp-3.8.9.tgz
42 silly lockFile 566182be-ry-npmjs-org-gulp-gulp-3-8-9-tgz https://registry.npmjs.org/gulp/-/gulp-3.8.9.tgz
43 silly lockFile 566182be-ry-npmjs-org-gulp-gulp-3-8-9-tgz https://registry.npmjs.org/gulp/-/gulp-3.8.9.tgz
44 silly lockFile 8cc6e613-gulp-3-8-9 gulp@3.8.9
45 silly lockFile 8cc6e613-gulp-3-8-9 gulp@3.8.9
46 silly lockFile 72f4391e-gulp gulp@
47 silly lockFile 72f4391e-gulp gulp@
48 silly resolved [ { name: 'gulp',
48 silly resolved     description: 'The streaming build system',
48 silly resolved     version: '3.8.9',
48 silly resolved     homepage: 'http://gulpjs.com',
48 silly resolved     repository: { type: 'git', url: 'https://github.com/gulpjs/gulp' },
48 silly resolved     author:
48 silly resolved      { name: 'Fractal',
48 silly resolved        email: 'contact@wearefractal.com',
48 silly resolved        url: 'http://wearefractal.com/' },
48 silly resolved     tags: [ 'build', 'stream', 'system', 'make', 'tool', 'asset', 'pipeline' ],
48 silly resolved     files: [ 'index.js', 'lib', 'bin', 'completion' ],
48 silly resolved     bin: { gulp: './bin/gulp.js' },
48 silly resolved     man: [ 'gulp.1' ],
48 silly resolved     dependencies:
48 silly resolved      { archy: '^0.0.2',
48 silly resolved        chalk: '^0.5.0',
48 silly resolved        deprecated: '^0.0.1',
48 silly resolved        'gulp-util': '^3.0.0',
48 silly resolved        interpret: '^0.3.2',
48 silly resolved        liftoff: '^0.13.2',
48 silly resolved        minimist: '^1.1.0',
48 silly resolved        orchestrator: '^0.3.0',
48 silly resolved        'pretty-hrtime': '^0.2.0',
48 silly resolved        semver: '^3.0.1',
48 silly resolved        tildify: '^1.0.0',
48 silly resolved        v8flags: '^1.0.1',
48 silly resolved        'vinyl-fs': '^0.3.0' },
48 silly resolved     devDependencies:
48 silly resolved      { coveralls: '^2.7.0',
48 silly resolved        'graceful-fs': '^3.0.0',
48 silly resolved        istanbul: '^0.3.0',
48 silly resolved        jshint: '^2.5.0',
48 silly resolved        'jshint-stylish': '^0.4.0',
48 silly resolved        'marked-man': '^0.1.3',
48 silly resolved        mkdirp: '^0.5.0',
48 silly resolved        mocha: '^1.17.0',
48 silly resolved        'mocha-lcov-reporter': '^0.0.1',
48 silly resolved        q: '^1.0.0',
48 silly resolved        rimraf: '^2.2.5',
48 silly resolved        should: '^4.0.0' },
48 silly resolved     scripts:
48 silly resolved      { prepublish: 'marked-man --name gulp docs/CLI.md > gulp.1',
48 silly resolved        lint: 'jshint lib bin index.js --reporter node_modules/jshint-stylish/stylish.js --exclude node_modules',
48 silly resolved        test: 'npm run-script lint && mocha --reporter spec',
48 silly resolved        coveralls: 'istanbul cover _mocha --report lcovonly -- -R spec && cat ./coverage/lcov.info | coveralls && rm -rf ./coverage' },
48 silly resolved     engineStrict: true,
48 silly resolved     engines: { node: '>= 0.9' },
48 silly resolved     licenses: [ [Object] ],
48 silly resolved     gitHead: 'b7486d8850f172f3533406c529510c7649a3a04f',
48 silly resolved     bugs: { url: 'https://github.com/gulpjs/gulp/issues' },
48 silly resolved     _id: 'gulp@3.8.9',
48 silly resolved     _shasum: '90773dc79cb0b3087e5443c695b0f5a21548ccce',
48 silly resolved     _from: 'gulp@',
48 silly resolved     _npmVersion: '2.1.4',
48 silly resolved     _nodeVersion: '0.10.32',
48 silly resolved     _npmUser: { name: 'fractal', email: 'contact@wearefractal.com' },
48 silly resolved     maintainers: [ [Object] ],
48 silly resolved     dist:
48 silly resolved      { shasum: '90773dc79cb0b3087e5443c695b0f5a21548ccce',
48 silly resolved        tarball: 'http://registry.npmjs.org/gulp/-/gulp-3.8.9.tgz' },
48 silly resolved     directories: {},
48 silly resolved     _resolved: 'https://registry.npmjs.org/gulp/-/gulp-3.8.9.tgz' } ]
49 info install gulp@3.8.9 into /usr/local/lib
50 info installOne gulp@3.8.9
51 verbose lib/node_modules/gulp unbuild
52 verbose tar unpack /Users/taeke/.npm/gulp/3.8.9/package.tgz
53 silly lockFile f8641481--usr-local-lib-node-modules-gulp tar:///usr/local/lib/node_modules/gulp
54 verbose lock tar:///usr/local/lib/node_modules/gulp /Users/taeke/.npm/f8641481--usr-local-lib-node-modules-gulp.lock
55 silly lockFile 343f6bb7-taeke-npm-gulp-3-8-9-package-tgz tar:///Users/taeke/.npm/gulp/3.8.9/package.tgz
56 verbose lock tar:///Users/taeke/.npm/gulp/3.8.9/package.tgz /Users/taeke/.npm/343f6bb7-taeke-npm-gulp-3-8-9-package-tgz.lock
57 silly gunzTarPerm modes [ '755', '644' ]
58 error Error: EACCES, mkdir '/usr/local/lib/node_modules/gulp'
58 error  { [Error: EACCES, mkdir '/usr/local/lib/node_modules/gulp']
58 error   errno: 3,
58 error   code: 'EACCES',
58 error   path: '/usr/local/lib/node_modules/gulp',
58 error   fstream_type: 'Directory',
58 error   fstream_path: '/usr/local/lib/node_modules/gulp',
58 error   fstream_class: 'DirWriter',
58 error   fstream_stack:
58 error    [ '/usr/local/lib/node_modules/npm/node_modules/fstream/lib/dir-writer.js:36:23',
58 error      '/usr/local/lib/node_modules/npm/node_modules/mkdirp/index.js:46:53',
58 error      'Object.oncomplete (fs.js:107:15)' ] }
59 error Please try running this command again as root/Administrator.
60 error System Darwin 14.0.0
61 error command "node" "/usr/local/bin/npm" "install" "gulp" "-g"
62 error cwd /Users/taeke/Documents/CTH_Internship/Clones/unacademic_static
63 error node -v v0.10.32
64 error npm -v 1.4.28
65 error path /usr/local/lib/node_modules/gulp
66 error fstream_path /usr/local/lib/node_modules/gulp
67 error fstream_type Directory
68 error fstream_class DirWriter
69 error code EACCES
70 error errno 3
71 error stack Error: EACCES, mkdir '/usr/local/lib/node_modules/gulp'
72 error fstream_stack /usr/local/lib/node_modules/npm/node_modules/fstream/lib/dir-writer.js:36:23
72 error fstream_stack /usr/local/lib/node_modules/npm/node_modules/mkdirp/index.js:46:53
72 error fstream_stack Object.oncomplete (fs.js:107:15)
73 verbose exit [ 3, true ]
